TN:
SF:src/index.ts
FN:4,(anonymous_4)
FNF:1
FNH:1
FNDA:56,(anonymous_4)
DA:2,1
DA:3,1
DA:4,57
DA:5,1
LF:4
LH:4
BRF:0
BRH:0
end_of_record
TN:
SF:src/storage.ts
FN:17,(anonymous_0)
FN:28,(anonymous_1)
FN:40,(anonymous_2)
FN:57,(anonymous_3)
FN:74,(anonymous_4)
FN:79,(anonymous_5)
FN:94,(anonymous_6)
FN:107,(anonymous_7)
FNF:8
FNH:7
FNDA:56,(anonymous_0)
FNDA:56,(anonymous_1)
FNDA:5,(anonymous_2)
FNDA:23,(anonymous_3)
FNDA:17,(anonymous_4)
FNDA:0,(anonymous_5)
FNDA:2,(anonymous_6)
FNDA:32,(anonymous_7)
DA:2,1
DA:3,1
DA:8,1
DA:18,56
DA:19,56
DA:20,56
DA:29,56
DA:41,5
DA:42,3
DA:44,5
DA:45,3
DA:47,5
DA:48,0
DA:58,23
DA:59,23
DA:61,13
DA:62,0
DA:64,13
DA:75,17
DA:77,17
DA:78,0
DA:79,0
DA:81,17
DA:82,17
DA:83,17
DA:85,3
DA:95,2
DA:97,2
DA:98,0
DA:100,2
DA:108,32
DA:109,0
DA:111,32
LF:33
LH:27
BRDA:18,0,0,56
BRDA:18,0,1,0
BRDA:19,1,0,56
BRDA:19,1,1,0
BRDA:20,2,0,56
BRDA:20,2,1,56
BRDA:28,3,0,0
BRDA:30,4,0,56
BRDA:30,4,1,0
BRDA:31,5,0,56
BRDA:31,5,1,0
BRDA:32,6,0,56
BRDA:32,6,1,56
BRDA:41,7,0,3
BRDA:44,8,0,3
BRDA:47,9,0,0
BRDA:61,10,0,0
BRDA:61,10,1,13
BRDA:77,11,0,0
BRDA:77,11,1,17
BRDA:79,12,0,0
BRDA:79,12,1,0
BRDA:83,13,0,10
BRDA:83,13,1,7
BRDA:97,14,0,0
BRDA:97,14,1,2
BRDA:108,15,0,0
BRDA:108,15,1,32
BRF:28
BRH:16
end_of_record
TN:
SF:src/types.ts
FN:38,(anonymous_0)
FN:42,(anonymous_1)
FNF:2
FNH:0
FNDA:0,(anonymous_0)
FNDA:0,(anonymous_1)
DA:37,1
DA:39,0
DA:43,0
LF:3
LH:1
BRF:0
BRH:0
end_of_record
TN:
SF:src/engines/index.ts
FNF:0
FNH:0
DA:1,1
DA:2,1
DA:3,1
DA:4,1
LF:4
LH:4
BRF:0
BRH:0
end_of_record
TN:
SF:src/engines/indexedDBStorage.ts
FN:27,(anonymous_0)
FN:34,(anonymous_1)
FN:39,(anonymous_2)
FN:42,(anonymous_3)
FN:47,(anonymous_4)
FN:52,(anonymous_5)
FN:63,(anonymous_6)
FN:73,(anonymous_7)
FN:76,(anonymous_8)
FN:81,(anonymous_9)
FN:85,(anonymous_10)
FN:96,(anonymous_11)
FN:99,(anonymous_12)
FN:104,(anonymous_13)
FN:108,(anonymous_14)
FN:118,(anonymous_15)
FN:121,(anonymous_16)
FN:126,(anonymous_17)
FN:130,(anonymous_18)
FN:140,(anonymous_19)
FN:143,(anonymous_20)
FN:148,(anonymous_21)
FN:152,(anonymous_22)
FNF:23
FNH:3
FNDA:12,(anonymous_0)
FNDA:12,(anonymous_1)
FNDA:12,(anonymous_2)
FNDA:0,(anonymous_3)
FNDA:0,(anonymous_4)
FNDA:0,(anonymous_5)
FNDA:0,(anonymous_6)
FNDA:0,(anonymous_7)
FNDA:0,(anonymous_8)
FNDA:0,(anonymous_9)
FNDA:0,(anonymous_10)
FNDA:0,(anonymous_11)
FNDA:0,(anonymous_12)
FNDA:0,(anonymous_13)
FNDA:0,(anonymous_14)
FNDA:0,(anonymous_15)
FNDA:0,(anonymous_16)
FNDA:0,(anonymous_17)
FNDA:0,(anonymous_18)
FNDA:0,(anonymous_19)
FNDA:0,(anonymous_20)
FNDA:0,(anonymous_21)
FNDA:0,(anonymous_22)
DA:19,1
DA:20,12
DA:21,12
DA:25,12
DA:28,12
DA:29,12
DA:30,12
DA:31,12
DA:35,12
DA:36,0
DA:39,12
DA:40,12
DA:42,12
DA:43,0
DA:44,0
DA:47,12
DA:48,0
DA:49,0
DA:52,12
DA:53,0
DA:54,0
DA:55,0
DA:60,12
DA:64,0
DA:65,0
DA:67,0
DA:68,0
DA:70,0
DA:74,0
DA:75,0
DA:76,0
DA:77,0
DA:78,0
DA:79,0
DA:81,0
DA:82,0
DA:85,0
DA:86,0
DA:87,0
DA:91,0
DA:92,0
DA:97,0
DA:98,0
DA:99,0
DA:100,0
DA:101,0
DA:102,0
DA:104,0
DA:105,0
DA:108,0
DA:109,0
DA:110,0
DA:114,0
DA:119,0
DA:120,0
DA:121,0
DA:122,0
DA:123,0
DA:124,0
DA:126,0
DA:127,0
DA:130,0
DA:131,0
DA:132,0
DA:136,0
DA:141,0
DA:142,0
DA:143,0
DA:144,0
DA:145,0
DA:146,0
DA:148,0
DA:149,0
DA:152,0
DA:153,0
DA:154,0
DA:158,0
LF:77
LH:15
BRDA:27,0,0,1
BRDA:28,1,0,12
BRDA:28,1,1,1
BRDA:29,2,0,12
BRDA:29,2,1,3
BRDA:30,3,0,12
BRDA:30,3,1,3
BRDA:35,4,0,0
BRDA:54,5,0,0
BRDA:64,6,0,0
BRDA:67,7,0,0
BRDA:82,8,0,0
BRDA:82,8,1,0
BRF:13
BRH:7
end_of_record
TN:
SF:src/engines/localStorage.ts
FN:3,(anonymous_0)
FN:6,(anonymous_1)
FN:15,(anonymous_2)
FN:23,(anonymous_3)
FN:31,(anonymous_4)
FNF:5
FNH:5
FNDA:32,(anonymous_0)
FNDA:8,(anonymous_1)
FNDA:5,(anonymous_2)
FNDA:1,(anonymous_3)
FNDA:28,(anonymous_4)
DA:3,1
DA:4,32
DA:7,8
DA:8,8
DA:10,0
DA:11,0
DA:16,5
DA:17,5
DA:19,0
DA:24,1
DA:25,1
DA:27,0
DA:32,28
DA:33,28
DA:35,0
LF:15
LH:10
BRF:0
BRH:0
end_of_record
TN:
SF:src/engines/memoryStorage.ts
FN:11,(anonymous_0)
FN:15,(anonymous_1)
FN:24,(anonymous_2)
FN:32,(anonymous_3)
FN:40,(anonymous_4)
FNF:5
FNH:3
FNDA:8,(anonymous_0)
FNDA:5,(anonymous_1)
FNDA:5,(anonymous_2)
FNDA:0,(anonymous_3)
FNDA:0,(anonymous_4)
DA:7,1
DA:8,8
DA:12,8
DA:16,5
DA:17,5
DA:19,0
DA:20,0
DA:25,5
DA:26,5
DA:28,0
DA:33,0
DA:34,0
DA:36,0
DA:41,0
DA:42,0
DA:44,0
LF:16
LH:7
BRDA:17,0,0,5
BRDA:17,0,1,0
BRF:2
BRH:1
end_of_record
TN:
SF:src/engines/sessionStorage.ts
FN:7,(anonymous_0)
FN:10,(anonymous_1)
FN:19,(anonymous_2)
FN:27,(anonymous_3)
FN:35,(anonymous_4)
FNF:5
FNH:5
FNDA:8,(anonymous_0)
FNDA:4,(anonymous_1)
FNDA:4,(anonymous_2)
FNDA:1,(anonymous_3)
FNDA:4,(anonymous_4)
DA:7,1
DA:8,8
DA:11,4
DA:12,4
DA:14,0
DA:15,0
DA:20,4
DA:21,4
DA:23,0
DA:28,1
DA:29,1
DA:31,0
DA:36,4
DA:37,4
DA:39,0
LF:15
LH:10
BRF:0
BRH:0
end_of_record
TN:
SF:src/serializers/date.ts
FN:5,(anonymous_0)
FN:12,(anonymous_1)
FNF:2
FNH:1
FNDA:1,(anonymous_0)
FNDA:0,(anonymous_1)
DA:4,1
DA:6,1
DA:7,1
DA:9,0
DA:13,0
DA:14,0
DA:16,0
DA:17,0
DA:18,0
DA:20,0
LF:10
LH:3
BRDA:6,0,0,1
BRDA:13,1,0,0
BRDA:17,2,0,0
BRF:3
BRH:1
end_of_record
TN:
SF:src/serializers/index.ts
FNF:0
FNH:0
DA:1,1
DA:2,1
LF:2
LH:2
BRF:0
BRH:0
end_of_record
TN:
SF:src/serializers/json.ts
FN:4,(anonymous_0)
FN:12,(anonymous_1)
FN:26,(anonymous_2)
FNF:3
FNH:2
FNDA:21,(anonymous_0)
FNDA:0,(anonymous_1)
FNDA:9,(anonymous_2)
DA:3,1
DA:5,21
DA:6,21
DA:8,9
DA:9,0
DA:11,0
DA:12,0
DA:13,0
DA:14,0
DA:15,0
DA:17,0
DA:19,0
DA:22,9
DA:27,9
DA:28,9
DA:30,3
DA:31,3
DA:33,0
LF:18
LH:9
BRDA:8,0,0,0
BRDA:8,1,0,9
BRDA:8,1,1,0
BRDA:13,2,0,0
BRDA:13,3,0,0
BRDA:13,3,1,0
BRDA:14,4,0,0
BRDA:22,5,0,9
BRDA:22,5,1,0
BRDA:30,6,0,3
BRDA:33,7,0,0
BRDA:33,7,1,0
BRF:12
BRH:3
end_of_record
